15624 execve("./p1.o", ["./p1.o"], 0x7ffc0d34e638 /* 50 vars */) = 0
15624 brk(NULL)                         = 0x564a684ff000
15624 arch_prctl(0x3001 /* ARCH_??? */, 0x7ffc1d5287a0) = -1 EINVAL (Invalid argument)
15624 access("/etc/ld.so.preload", R_OK) = -1 ENOENT (No such file or directory)
15624 openat(AT_FDCWD, "/etc/ld.so.cache", O_RDONLY|O_CLOEXEC) = 3
15624 fstat(3, {st_mode=S_IFREG|0644, st_size=91526, ...}) = 0
15624 mmap(NULL, 91526, PROT_READ, MAP_PRIVATE, 3, 0) = 0x7fe88361b000
15624 close(3)                          = 0
15624 openat(AT_FDCWD, "/lib/x86_64-linux-gnu/libc.so.6", O_RDONLY|O_CLOEXEC) = 3
15624 read(3, "\177ELF\2\1\1\3\0\0\0\0\0\0\0\0\3\0>\0\1\0\0\0\300A\2\0\0\0\0\0"..., 832) = 832
15624 pread64(3, "\6\0\0\0\4\0\0\0@\0\0\0\0\0\0\0@\0\0\0\0\0\0\0@\0\0\0\0\0\0\0"..., 784, 64) = 784
15624 pread64(3, "\4\0\0\0\20\0\0\0\5\0\0\0GNU\0\2\0\0\300\4\0\0\0\3\0\0\0\0\0\0\0", 32, 848) = 32
15624 pread64(3, "\4\0\0\0\24\0\0\0\3\0\0\0GNU\0\30x\346\264ur\f|Q\226\236i\253-'o"..., 68, 880) = 68
15624 fstat(3, {st_mode=S_IFREG|0755, st_size=2029592, ...}) = 0
15624 mmap(NULL, 8192, PROT_READ|PROT_WRITE, MAP_PRIVATE|MAP_ANONYMOUS, -1, 0) = 0x7fe883619000
15624 pread64(3, "\6\0\0\0\4\0\0\0@\0\0\0\0\0\0\0@\0\0\0\0\0\0\0@\0\0\0\0\0\0\0"..., 784, 64) = 784
15624 pread64(3, "\4\0\0\0\20\0\0\0\5\0\0\0GNU\0\2\0\0\300\4\0\0\0\3\0\0\0\0\0\0\0", 32, 848) = 32
15624 pread64(3, "\4\0\0\0\24\0\0\0\3\0\0\0GNU\0\30x\346\264ur\f|Q\226\236i\253-'o"..., 68, 880) = 68
15624 mmap(NULL, 2037344, PROT_READ, MAP_PRIVATE|MAP_DENYWRITE, 3, 0) = 0x7fe883427000
15624 mmap(0x7fe883449000, 1540096, PROT_READ|PROT_EXEC, MAP_PRIVATE|MAP_FIXED|MAP_DENYWRITE, 3, 0x22000) = 0x7fe883449000
15624 mmap(0x7fe8835c1000, 319488, PROT_READ, MAP_PRIVATE|MAP_FIXED|MAP_DENYWRITE, 3, 0x19a000) = 0x7fe8835c1000
15624 mmap(0x7fe88360f000, 24576, PROT_READ|PROT_WRITE, MAP_PRIVATE|MAP_FIXED|MAP_DENYWRITE, 3, 0x1e7000) = 0x7fe88360f000
15624 mmap(0x7fe883615000, 13920, PROT_READ|PROT_WRITE, MAP_PRIVATE|MAP_FIXED|MAP_ANONYMOUS, -1, 0) = 0x7fe883615000
15624 close(3)                          = 0
15624 arch_prctl(ARCH_SET_FS, 0x7fe88361a540) = 0
15624 mprotect(0x7fe88360f000, 16384, PROT_READ) = 0
15624 mprotect(0x564a679c2000, 4096, PROT_READ) = 0
15624 mprotect(0x7fe88365f000, 4096, PROT_READ) = 0
15624 munmap(0x7fe88361b000, 91526)     = 0
15624 clone(child_stack=NULL, flags=CLONE_CHILD_CLEARTID|CLONE_CHILD_SETTID|SIGCHLD, child_tidptr=0x7fe88361a810) = 15625
15624 getpid()                          = 15624
15624 fstat(1, {st_mode=S_IFCHR|0620, st_rdev=makedev(0x88, 0), ...}) = 0
15625 getpid()                          = 15625
15624 brk(NULL)                         = 0x564a684ff000
15624 brk(0x564a68520000 <unfinished ...>
15625 fstat(1,  <unfinished ...>
15624 <... brk resumed>)                = 0x564a68520000
15625 <... fstat resumed>{st_mode=S_IFCHR|0620, st_rdev=makedev(0x88, 0), ...}) = 0
15624 write(1, "[parent~15624] Hello\n", 21) = 21
15624 exit_group(21 <unfinished ...>
15625 brk(NULL <unfinished ...>
15624 <... exit_group resumed>)         = ?
15625 <... brk resumed>)                = 0x564a684ff000
15625 brk(0x564a68520000)               = 0x564a68520000
15624 +++ exited with 21 +++
15625 write(1, "[child~15625] Hello\n", 20) = 20
15625 exit_group(20)                    = ?
15625 +++ exited with 20 +++
